<?xml version="1.0" encoding="UTF-8"?>
<!-- Generated by org.testng.reporters.JUnitXMLReporter -->
<testsuite ignored="0" hostname="DESKTOP-NFUTGEN" failures="0" tests="3" name="Test" time="57.203" errors="0" timestamp="2024-10-02T16:32:25 IST">
  <testcase classname="Sriprojectnew.Srimavenproject.First" name="got" time="0.338"/>
  <testcase classname="Sriprojectnew.Srimavenproject.First" name="sriram" time="30.991"/>
  <testcase classname="Sriprojectnew.Srimavenproject.Second" name="got" time="3.383"/>
</testsuite> <!-- Test -->
