<?xml version="1.0" encoding="UTF-8"?>
<!-- Generated by org.testng.reporters.JUnitXMLReporter -->
<testsuite ignored="0" hostname="DESKTOP-NFUTGEN" failures="0" tests="3" name="Test" time="50.826" errors="0" timestamp="2024-10-02T17:18:15 IST">
  <testcase classname="Sriprojectnew.Srimavenproject.First" name="got" time="0.271"/>
  <testcase classname="Sriprojectnew.Srimavenproject.First" name="sriram" time="30.79"/>
  <testcase classname="Sriprojectnew.Srimavenproject.Second" name="got" time="3.338"/>
</testsuite> <!-- Test -->
