<?xml version="1.0" encoding="UTF-8"?>
<testng-results ignored="0" total="3" passed="3" failed="0" skipped="0">
  <reporter-output>
  </reporter-output>
  <suite started-at="2024-10-02T17:17:24 IST" name="Suite" finished-at="2024-10-02T17:18:15 IST" duration-ms="50826">
    <groups>
    </groups>
    <test started-at="2024-10-02T17:17:24 IST" name="Test" finished-at="2024-10-02T17:18:15 IST" duration-ms="50826">
      <class name="Sriprojectnew.Srimavenproject.Second">
        <test-method is-config="true" signature="RepeatedCode()[pri:0, instance:Sriprojectnew.Srimavenproject.Second@7ec7ffd3]" started-at="2024-10-02T17:18:05 IST" name="RepeatedCode" finished-at="2024-10-02T17:18:12 IST" duration-ms="7272" status="PASS">
          <reporter-output>
          </reporter-output>
        </test-method> <!-- RepeatedCode -->
        <test-method signature="got()[pri:0, instance:Sriprojectnew.Srimavenproject.Second@7ec7ffd3]" started-at="2024-10-02T17:18:12 IST" name="got" finished-at="2024-10-02T17:18:15 IST" duration-ms="3338" status="PASS">
          <reporter-output>
          </reporter-output>
        </test-method> <!-- got -->
      </class> <!-- Sriprojectnew.Srimavenproject.Second -->
      <class name="Sriprojectnew.Srimavenproject.First">
        <test-method is-config="true" signature="RepeatedCode()[pri:0, instance:Sriprojectnew.Srimavenproject.First@72057ecf]" started-at="2024-10-02T17:17:24 IST" name="RepeatedCode" finished-at="2024-10-02T17:17:29 IST" duration-ms="4390" status="PASS">
          <reporter-output>
          </reporter-output>
        </test-method> <!-- RepeatedCode -->
        <test-method signature="got()[pri:0, instance:Sriprojectnew.Srimavenproject.First@72057ecf]" started-at="2024-10-02T17:17:29 IST" name="got" finished-at="2024-10-02T17:17:29 IST" duration-ms="271" status="PASS">
          <reporter-output>
          </reporter-output>
        </test-method> <!-- got -->
        <test-method is-config="true" signature="RepeatedCode()[pri:0, instance:Sriprojectnew.Srimavenproject.First@72057ecf]" started-at="2024-10-02T17:17:29 IST" name="RepeatedCode" finished-at="2024-10-02T17:17:34 IST" duration-ms="4694" status="PASS">
          <reporter-output>
          </reporter-output>
        </test-method> <!-- RepeatedCode -->
        <test-method signature="sriram()[pri:0, instance:Sriprojectnew.Srimavenproject.First@72057ecf]" started-at="2024-10-02T17:17:34 IST" name="sriram" finished-at="2024-10-02T17:18:05 IST" duration-ms="30790" status="PASS">
          <reporter-output>
          </reporter-output>
        </test-method> <!-- sriram -->
      </class> <!-- Sriprojectnew.Srimavenproject.First -->
    </test> <!-- Test -->
  </suite> <!-- Suite -->
</testng-results>
