<?xml version="1.0" encoding="UTF-8"?>
<testng-results ignored="0" total="3" passed="3" failed="0" skipped="0">
  <reporter-output>
  </reporter-output>
  <suite started-at="2024-10-02T16:31:27 IST" name="Suite" finished-at="2024-10-02T16:32:25 IST" duration-ms="57203">
    <groups>
    </groups>
    <test started-at="2024-10-02T16:31:27 IST" name="Test" finished-at="2024-10-02T16:32:25 IST" duration-ms="57203">
      <class name="Sriprojectnew.Srimavenproject.Second">
        <test-method is-config="true" signature="RepeatedCode()[pri:0, instance:Sriprojectnew.Srimavenproject.Second@7e6f74c]" started-at="2024-10-02T16:32:11 IST" name="RepeatedCode" finished-at="2024-10-02T16:32:21 IST" duration-ms="10209" status="PASS">
          <reporter-output>
          </reporter-output>
        </test-method> <!-- RepeatedCode -->
        <test-method signature="got()[pri:0, instance:Sriprojectnew.Srimavenproject.Second@7e6f74c]" started-at="2024-10-02T16:32:21 IST" name="got" finished-at="2024-10-02T16:32:25 IST" duration-ms="3383" status="PASS">
          <reporter-output>
          </reporter-output>
        </test-method> <!-- got -->
      </class> <!-- Sriprojectnew.Srimavenproject.Second -->
      <class name="Sriprojectnew.Srimavenproject.First">
        <test-method is-config="true" signature="RepeatedCode()[pri:0, instance:Sriprojectnew.Srimavenproject.First@78691363]" started-at="2024-10-02T16:31:27 IST" name="RepeatedCode" finished-at="2024-10-02T16:31:34 IST" duration-ms="6568" status="PASS">
          <reporter-output>
          </reporter-output>
        </test-method> <!-- RepeatedCode -->
        <test-method signature="got()[pri:0, instance:Sriprojectnew.Srimavenproject.First@78691363]" started-at="2024-10-02T16:31:34 IST" name="got" finished-at="2024-10-02T16:31:34 IST" duration-ms="338" status="PASS">
          <reporter-output>
          </reporter-output>
        </test-method> <!-- got -->
        <test-method is-config="true" signature="RepeatedCode()[pri:0, instance:Sriprojectnew.Srimavenproject.First@78691363]" started-at="2024-10-02T16:31:34 IST" name="RepeatedCode" finished-at="2024-10-02T16:31:40 IST" duration-ms="5603" status="PASS">
          <reporter-output>
          </reporter-output>
        </test-method> <!-- RepeatedCode -->
        <test-method signature="sriram()[pri:0, instance:Sriprojectnew.Srimavenproject.First@78691363]" started-at="2024-10-02T16:31:40 IST" name="sriram" finished-at="2024-10-02T16:32:11 IST" duration-ms="30991" status="PASS">
          <reporter-output>
          </reporter-output>
        </test-method> <!-- sriram -->
      </class> <!-- Sriprojectnew.Srimavenproject.First -->
    </test> <!-- Test -->
  </suite> <!-- Suite -->
</testng-results>
